
2019-05-14 19:40:17   getOneAccountMessage()运行异常:syntax error, pos 1, line 1, column 2<html><head><title>Apache Tomcat/6.0.18 - Error report</title><style><!--H1 {font-family:Tahoma,Arial,sans-serif;color:white;background-color:#525D76;font-size:22px;} H2 {font-family:Tahoma,Arial,sans-serif;color:white;background-color:#525D76;font-size:16px;} H3 {font-family:Tahoma,Arial,sans-serif;color:white;background-color:#525D76;font-size:14px;} BODY {font-family:Tahoma,Arial,sans-serif;color:black;background-color:white;} B {font-family:Tahoma,Arial,sans-serif;color:white;background-color:#525D76;} P {font-family:Tahoma,Arial,sans-serif;background:white;color:black;font-size:12px;}A {color : black;}A.name {color : black;}HR {color : #525D76;}--></style> </head><body><h1>HTTP Status 500 - </h1><HR size="1" noshade="noshade"><p><b>type</b> Exception report</p><p><b>message</b> <u></u></p><p><b>description</b> <u>The server encountered an internal error () that prevented it from fulfilling this request.</u></p><p><b>exception</b> <pre>java.lang.NullPointerException
	java.util.regex.Matcher.appendReplacement(Unknown Source)
	java.util.regex.Matcher.replaceAll(Unknown Source)
	java.lang.String.replaceAll(Unknown Source)
	com.aotai.pv.androidx.GeTuiStation.login(GeTuiStation.java:48)
	com.aotai.pv.androidx.GeTuiStation.GeTuiQueryByAccount(GeTuiStation.java:36)
	sun.reflect.NativeMethodAccessorImpl.invoke0(Native Method)
	sun.reflect.NativeMethodAccessorImpl.invoke(Unknown Source)
	sun.reflect.DelegatingMethodAccessorImpl.invoke(Unknown Source)
	java.lang.reflect.Method.invoke(Unknown Source)
	com.opensymphony.xwork2.DefaultActionInvocation.invokeAction(DefaultActionInvocation.java:441)
	com.opensymphony.xwork2.DefaultActionInvocation.invokeActionOnly(DefaultActionInvocation.java:280)
	com.opensymphony.xwork2.DefaultActionInvocation.invoke(DefaultActionInvocation.java:243)
	com.opensymphony.xwork2.interceptor.DefaultWorkflowInterceptor.doIntercept(DefaultWorkflowInterceptor.java:165)
	com.opensymphony.xwork2.interceptor.MethodFilterInterceptor.intercept(MethodFilterInterceptor.java:87)
	com.opensymphony.xwork2.DefaultActionInvocation.invoke(DefaultActionInvocation.java:237)
	com.opensymphony.xwork2.validator.ValidationInterceptor.doIntercept(ValidationInterceptor.java:252)
	org.apache.struts2.interceptor.validation.AnnotationValidationInterceptor.doIntercept(AnnotationValidationInterceptor.java:68)
	com.opensymphony.xwork2.interceptor.MethodFilterInterceptor.intercept(MethodFilterInterceptor.java:87)
	com.opensymphony.xwork2.DefaultActionInvocation.invoke(DefaultActionInvocation.java:237)
	com.opensymphony.xwork2.interceptor.ConversionErrorInterceptor.intercept(ConversionErrorInterceptor.java:122)
	com.opensymphony.xwork2.DefaultActionInvocation.invoke(DefaultActionInvocation.java:237)
	com.opensymphony.xwork2.interceptor.ParametersInterceptor.doIntercept(ParametersInterceptor.java:195)
	com.opensymphony.xwork2.interceptor.MethodFilterInterceptor.intercept(MethodFilterInterceptor.java:87)
	com.opensymphony.xwork2.DefaultActionInvocation.invoke(DefaultActionInvocation.java:237)
	com.opensymphony.xwork2.interceptor.ParametersInterceptor.doIntercept(ParametersInterceptor.java:195)
	com.opensymphony.xwork2.interceptor.MethodFilterInterceptor.intercept(MethodFilterInterceptor.java:87)
	com.opensymphony.xwork2.DefaultActionInvocation.invoke(DefaultActionInvocation.java:237)
	com.opensymphony.xwork2.interceptor.StaticParametersInterceptor.intercept(StaticParametersInterceptor.java:179)
	com.opensymphony.xwork2.DefaultActionInvocation.invoke(DefaultActionInvocation.java:237)
	org.apache.struts2.interceptor.MultiselectInterceptor.intercept(MultiselectInterceptor.java:75)
	com.opensymphony.xwork2.DefaultActionInvocation.invoke(DefaultActionInvocation.java:237)
	org.apache.struts2.interceptor.CheckboxInterceptor.intercept(CheckboxInterceptor.java:94)
	com.opensymphony.xwork2.DefaultActionInvocation.invoke(DefaultActionInvocation.java:237)
	org.apache.struts2.interceptor.FileUploadInterceptor.intercept(FileUploadInterceptor.java:235)
	com.opensymphony.xwork2.DefaultActionInvocation.invoke(DefaultActionInvocation.java:237)
	com.opensymphony.xwork2.interceptor.ModelDrivenInterceptor.intercept(ModelDrivenInterceptor.java:89)
	com.opensymphony.xwork2.DefaultActionInvocation.invoke(DefaultActionInvocation.java:237)
	com.opensymphony.xwork2.interceptor.ScopedModelDrivenInterceptor.intercept(ScopedModelDrivenInterceptor.java:130)
	com.opensymphony.xwork2.DefaultActionInvocation.invoke(DefaultActionInvocation.java:237)
	org.apache.struts2.interceptor.debugging.DebuggingInterceptor.intercept(DebuggingInterceptor.java:267)
	com.opensymphony.xwork2.DefaultActionInvocation.invoke(DefaultActionInvocation.java:237)
	com.opensymphony.xwork2.interceptor.ChainingInterceptor.intercept(ChainingInterceptor.java:126)
	com.opensymphony.xwork2.DefaultActionInvocation.invoke(DefaultActionInvocation.java:237)
	com.opensymphony.xwork2.interceptor.PrepareInterceptor.doIntercept(PrepareInterceptor.java:138)
	com.opensymphony.xwork2.interceptor.MethodFilterInterceptor.intercept(MethodFilterInterceptor.java:87)
	com.opensymphony.xwork2.DefaultActionInvocation.invoke(DefaultActionInvocation.java:237)
	com.opensymphony.xwork2.interceptor.I18nInterceptor.intercept(I18nInterceptor.java:165)
	com.opensymphony.xwork2.DefaultActionInvocation.invoke(DefaultActionInvocation.java:237)
	org.apache.struts2.interceptor.ServletConfigInterceptor.intercept(ServletConfigInterceptor.java:164)
	com.opensymphony.xwork2.DefaultActionInvocation.invoke(DefaultActionInvocation.java:237)
	com.opensymphony.xwork2.interceptor.AliasInterceptor.intercept(AliasInterceptor.java:179)
	com.opensymphony.xwork2.DefaultActionInvocation.invoke(DefaultActionInvocation.java:237)
	com.opensymphony.xwork2.interceptor.ExceptionMappingInterceptor.intercept(ExceptionMappingInterceptor.java:176)
	com.opensymphony.xwork2.DefaultActionInvocation.invoke(DefaultActionInvocation.java:237)
	org.apache.struts2.impl.StrutsActionProxy.execute(StrutsActionProxy.java:52)
	org.apache.struts2.dispatcher.Dispatcher.serviceAction(Dispatcher.java:488)
	org.apache.struts2.dispatcher.ng.ExecuteOperations.executeAction(ExecuteOperations.java:77)
	org.apache.struts2.dispatcher.ng.filter.StrutsPrepareAndExecuteFilter.doFilter(StrutsPrepareAndExecuteFilter.java:91)
	org.springframework.orm.hibernate3.support.OpenSessionInViewFilter.doFilterInternal(OpenSessionInViewFilter.java:198)
	org.springframework.web.filter.OncePerRequestFilter.doFilter(OncePerRequestFilter.java:76)
</pre></p><p><b>note</b> <u>The full stack trace of the root cause is available in the Apache Tomcat/6.0.18 logs.</u></p><HR size="1" noshade="noshade"><h3>Apache Tomcat/6.0.18</h3></body></html>
2019-05-14 19:42:33   getOneAccountMessage()运行异常:null